<?xml version="1.0" encoding="UTF-8"?>
<!-- Generated by org.testng.reporters.JUnitReportReporter -->
<testsuite hostname="DESKTOP-KM6663R" failures="0" tests="1" name="distributedparallel.Test2" time="0.016" errors="0" timestamp="2024-11-08T13:16:22 IST" skipped="0">
  <testcase classname="distributedparallel.Test2" name="demo1" time="0.016"/>
  <system-out/>
</testsuite> <!-- distributedparallel.Test2 -->
