<?xml version="1.0" encoding="UTF-8"?>
<!-- Generated by org.testng.reporters.JUnitReportReporter -->
<testsuite hostname="DESKTOP-KM6663R" failures="0" tests="3" name="testng.DependsonMethodsTest" time="0.021" errors="0" timestamp="2024-11-06T11:31:35 IST" skipped="0">
  <testcase classname="testng.DependsonMethodsTest" name="registrationTest" time="0.015"/>
  <system-out>
    <![CDATA[register to App]]>
  </system-out>
  <testcase classname="testng.DependsonMethodsTest" name="updateProfileTest" time="0.002"/>
  <system-out>
    <![CDATA[updateProfileTest]]>
  </system-out>
  <testcase classname="testng.DependsonMethodsTest" name="loginTest" time="0.004"/>
  <system-out>
    <![CDATA[login to App]]>
  </system-out>
</testsuite> <!-- testng.DependsonMethodsTest -->
