<?xml version="1.0" encoding="UTF-8"?>
<!-- Generated by org.testng.reporters.JUnitReportReporter -->
<testsuite hostname="DESKTOP-KM6663R" failures="0" tests="3" name="crossBrowserParallel.Test2" time="25.927" errors="0" timestamp="2024-11-06T13:36:33 IST" skipped="0">
  <testcase classname="crossBrowserParallel.Test2" name="swiggyTest" time="9.702"/>
  <system-out/>
  <testcase classname="crossBrowserParallel.Test2" name="swiggyTest" time="5.581"/>
  <system-out/>
  <testcase classname="crossBrowserParallel.Test2" name="swiggyTest" time="10.644"/>
  <system-out/>
</testsuite> <!-- crossBrowserParallel.Test2 -->
