<?xml version="1.0" encoding="UTF-8"?>
<!-- Generated by org.testng.reporters.JUnitReportReporter -->
<testsuite hostname="DESKTOP-KM6663R" failures="0" tests="1" name="testng.SampleTest" time="0.017" errors="0" timestamp="2024-11-06T11:31:35 IST" skipped="0">
  <testcase classname="testng.SampleTest" name="demo" time="0.017"/>
  <system-out>
    <![CDATA[hello world]]>
  </system-out>
</testsuite> <!-- testng.SampleTest -->
