<?xml version="1.0" encoding="UTF-8"?>
<!-- Generated by org.testng.reporters.JUnitReportReporter -->
<testsuite hostname="DESKTOP-KM6663R" failures="0" tests="3" name="crossBrowserParallel.Test1" time="14.406" errors="0" timestamp="2024-11-06T13:36:33 IST" skipped="0">
  <testcase classname="crossBrowserParallel.Test1" name="googleTest" time="3.558"/>
  <system-out/>
  <testcase classname="crossBrowserParallel.Test1" name="googleTest" time="7.654"/>
  <system-out/>
  <testcase classname="crossBrowserParallel.Test1" name="googleTest" time="3.194"/>
  <system-out/>
</testsuite> <!-- crossBrowserParallel.Test1 -->
