<?xml version="1.0" encoding="UTF-8"?>
<!-- Generated by org.testng.reporters.JUnitReportReporter -->
<testsuite hostname="DESKTOP-KM6663R" failures="0" tests="1" name="assertions.WhyNotIfElse" time="0.014" errors="0" timestamp="2024-11-08T11:54:52 IST" skipped="0">
  <testcase classname="assertions.WhyNotIfElse" name="demo" time="0.014"/>
  <system-out/>
</testsuite> <!-- assertions.WhyNotIfElse -->
