<?xml version="1.0" encoding="UTF-8"?>
<!-- Generated by org.testng.reporters.JUnitReportReporter -->
<testsuite hostname="DESKTOP-KM6663R" failures="0" tests="3" name="groupExecution.Test3" time="0.028" errors="0" timestamp="2024-11-06T12:17:41 IST" skipped="0">
  <testcase classname="groupExecution.Test3" name="demo1" time="0.018"/>
  <system-out>
    <![CDATA[Test3-demo1-regression]]>
  </system-out>
  <testcase classname="groupExecution.Test3" name="demo3" time="0.006"/>
  <system-out>
    <![CDATA[Test1-demo3-regression and sanity]]>
  </system-out>
  <testcase classname="groupExecution.Test3" name="demo2" time="0.004"/>
  <system-out>
    <![CDATA[Test1-demo2-sanity]]>
  </system-out>
</testsuite> <!-- groupExecution.Test3 -->
