<?xml version="1.0" encoding="UTF-8"?>
<!-- Generated by org.testng.reporters.JUnitReportReporter -->
<testsuite hostname="DESKTOP-KM6663R" failures="0" tests="4" name="testng.InvocationCountTest" time="0.018" errors="0" timestamp="2024-11-06T11:31:35 IST" skipped="0">
  <testcase classname="testng.InvocationCountTest" name="demo1" time="0.005"/>
  <system-out>
    <![CDATA[demo1]]>
  </system-out>
  <testcase classname="testng.InvocationCountTest" name="demo1" time="0.006"/>
  <system-out>
    <![CDATA[demo1]]>
  </system-out>
  <testcase classname="testng.InvocationCountTest" name="demo1" time="0.003"/>
  <system-out>
    <![CDATA[demo1]]>
  </system-out>
  <testcase classname="testng.InvocationCountTest" name="demo1" time="0.004"/>
  <system-out>
    <![CDATA[demo1]]>
  </system-out>
</testsuite> <!-- testng.InvocationCountTest -->
