<?xml version="1.0" encoding="UTF-8"?>
<!-- Generated by org.testng.reporters.JUnitReportReporter -->
<testsuite hostname="DESKTOP-KM6663R" failures="0" tests="2" name="groupExecution.Test2" time="0.006" errors="0" timestamp="2024-11-06T12:21:43 IST" skipped="0">
  <testcase classname="groupExecution.Test2" name="demo1" time="0.004"/>
  <system-out>
    <![CDATA[Test2-demo1-smoke]]>
  </system-out>
  <testcase classname="groupExecution.Test2" name="demo3" time="0.002"/>
  <system-out>
    <![CDATA[Test2-demo3-smoke and regression]]>
  </system-out>
</testsuite> <!-- groupExecution.Test2 -->
