<?xml version="1.0" encoding="UTF-8"?>
<!-- Generated by org.testng.reporters.JUnitReportReporter -->
<testsuite hostname="DESKTOP-KM6663R" failures="0" tests="2" name="distributedparallel.Test1" time="0.023" errors="0" timestamp="2024-11-08T13:12:23 IST" skipped="0">
  <testcase classname="distributedparallel.Test1" name="demo1" time="0.016"/>
  <system-out/>
  <testcase classname="distributedparallel.Test1" name="demo2" time="0.007"/>
  <system-out/>
</testsuite> <!-- distributedparallel.Test1 -->
