<?xml version="1.0" encoding="UTF-8"?>
<!-- Generated by org.testng.reporters.JUnitReportReporter -->
<testsuite hostname="DESKTOP-KM6663R" failures="0" tests="5" name="testng.PriorityFlagTest" time="0.009" errors="0" timestamp="2024-11-06T11:31:35 IST" skipped="0">
  <testcase classname="testng.PriorityFlagTest" name="demo2" time="0.003"/>
  <system-out>
    <![CDATA[demo2]]>
  </system-out>
  <testcase classname="testng.PriorityFlagTest" name="demo1" time="0.001"/>
  <system-out>
    <![CDATA[demo1]]>
  </system-out>
  <testcase classname="testng.PriorityFlagTest" name="demo3" time="0.001"/>
  <system-out>
    <![CDATA[demo3]]>
  </system-out>
  <testcase classname="testng.PriorityFlagTest" name="demo5" time="0.002"/>
  <system-out>
    <![CDATA[demo5]]>
  </system-out>
  <testcase classname="testng.PriorityFlagTest" name="demo4" time="0.002"/>
  <system-out>
    <![CDATA[demo4]]>
  </system-out>
</testsuite> <!-- testng.PriorityFlagTest -->
