<?xml version="1.0" encoding="UTF-8"?>
<!-- Generated by org.testng.reporters.JUnitReportReporter -->
<testsuite hostname="DESKTOP-KM6663R" failures="0" tests="2" name="distributedparallel.Test6" time="0.004" errors="0" timestamp="2024-11-08T13:12:23 IST" skipped="0">
  <testcase classname="distributedparallel.Test6" name="demo1" time="0.003"/>
  <system-out/>
  <testcase classname="distributedparallel.Test6" name="demo2" time="0.001"/>
  <system-out/>
</testsuite> <!-- distributedparallel.Test6 -->
