<?xml version="1.0" encoding="UTF-8"?>
<!-- Generated by org.testng.reporters.JUnitReportReporter -->
<testsuite hostname="DESKTOP-KM6663R" failures="0" tests="1" name="annotations.TestClass" time="0.019" errors="0" timestamp="2024-11-05T13:25:18 IST" skipped="0">
  <testcase classname="annotations.TestClass" name="testMethod" time="0.019"/>
  <system-out>
    <![CDATA[@test]]>
  </system-out>
</testsuite> <!-- annotations.TestClass -->
