<?xml version="1.0" encoding="UTF-8"?>
<!-- Generated by org.testng.reporters.JUnitReportReporter -->
<testsuite hostname="DESKTOP-KM6663R" failures="0" tests="4" name="testng.DataProviderTest" time="25.388" errors="0" timestamp="2024-11-08T12:57:14 IST" skipped="0">
  <testcase classname="testng.DataProviderTest" name="Logintest" time="4.955"/>
  <system-out/>
  <testcase classname="testng.DataProviderTest" name="Logintest" time="5.664"/>
  <system-out/>
  <testcase classname="testng.DataProviderTest" name="Logintest" time="9.834"/>
  <system-out/>
  <testcase classname="testng.DataProviderTest" name="Logintest" time="4.935"/>
  <system-out/>
</testsuite> <!-- testng.DataProviderTest -->
